<?xml version="1.0" encoding="UTF-8"?>
<testsuite xmlns:xsi="http://www.w3.org/2001/XMLSchema-instance" xsi:noNamespaceSchemaLocation="https://maven.apache.org/surefire/maven-surefire-plugin/xsd/surefire-test-report-3.0.xsd" version="3.0" name="com.example.dao.EmprestimoDAOTest" time="2.647" tests="4" errors="0" skipped="0" failures="0">
  <properties>
[...]
</properties>
  <testcase name="testSalvarEBuscarPorId" classname="com.example.dao.EmprestimoDAOTest" time="1.964">
    <system-out><![CDATA[Hibernate: 
    drop table if exists Aluno cascade 
Hibernate: 
    drop table if exists Emprestimo cascade 
Hibernate: 
    drop table if exists Publicacao cascade 
Hibernate: 
    create table Aluno (
        matriculaAluno integer generated by default as identity,
        nome varchar(255),
        primary key (matriculaAluno)
    )
Hibernate: 
    create table Emprestimo (
        aluno_id integer,
        dataDevolucao date,
        dataEmprestimo date,
        id integer generated by default as identity,
        publicacao_id integer,
        primary key (id)
    )
Hibernate: 
    create table Publicacao (
        ano integer not null,
        codigoPub integer generated by default as identity,
        autor varchar(255),
        tipo varchar(255),
        titulo varchar(255),
        primary key (codigoPub)
    )
Hibernate: 
    alter table if exists Emprestimo 
       add constraint FKj8wph1uj1a4t5mjej9huvo699 
       foreign key (aluno_id) 
       references Aluno
Hibernate: 
    alter table if exists Emprestimo 
       add constraint FKnr3t00yqgs84taswbkfuo48ld 
       foreign key (publicacao_id) 
       references Publicacao
Hibernate: 
    insert 
    into
        Aluno
        (nome, matriculaAluno) 
    values
        (?, default)
Hibernate: 
    insert 
    into
        Publicacao
        (ano, autor, tipo, titulo, codigoPub) 
    values
        (?, ?, ?, ?, default)
Hibernate: 
    insert 
    into
        Emprestimo
        (aluno_id, dataDevolucao, dataEmprestimo, publicacao_id, id) 
    values
        (?, ?, ?, ?, default)
Hibernate: 
    drop table if exists Aluno cascade 
Hibernate: 
    drop table if exists Emprestimo cascade 
Hibernate: 
    drop table if exists Publicacao cascade 
]]></system-out>
    <system-err><![CDATA[mai. 14, 2025 12:21:54 PM org.hibernate.jpa.boot.internal.PersistenceXmlParser parsePersistenceXml
WARN: HHH015018: Encountered multiple persistence-unit stanzas defining same name [bibliotecaPU]; persistence-unit names must be unique
mai. 14, 2025 12:21:54 PM org.hibernate.jpa.internal.util.LogHelper logPersistenceUnitInformation
INFO: HHH000204: Processing PersistenceUnitInfo [name: bibliotecaPU]
mai. 14, 2025 12:21:54 PM org.hibernate.Version logVersion
INFO: HHH000412: Hibernate ORM core version 6.4.4.Final
mai. 14, 2025 12:21:54 PM org.hibernate.cache.internal.RegionFactoryInitiator initiateService
INFO: HHH000026: Second-level cache disabled
mai. 14, 2025 12:21:54 PM org.hibernate.engine.jdbc.connections.internal.DriverManagerConnectionProviderImpl configure
WARN: HHH10001002: Using built-in connection pool (not intended for production use)
mai. 14, 2025 12:21:54 PM org.hibernate.engine.jdbc.connections.internal.DriverManagerConnectionProviderImpl buildCreator
INFO: HHH10001005: Loaded JDBC driver class: org.h2.Driver
mai. 14, 2025 12:21:54 PM org.hibernate.engine.jdbc.connections.internal.DriverManagerConnectionProviderImpl buildCreator
INFO: HHH10001012: Connecting with JDBC URL [jdbc:h2:mem:test]
mai. 14, 2025 12:21:54 PM org.hibernate.engine.jdbc.connections.internal.DriverManagerConnectionProviderImpl buildCreator
INFO: HHH10001001: Connection properties: {password=****, user=sa}
mai. 14, 2025 12:21:54 PM org.hibernate.engine.jdbc.connections.internal.DriverManagerConnectionProviderImpl buildCreator
INFO: HHH10001003: Autocommit mode: false
mai. 14, 2025 12:21:54 PM org.hibernate.engine.jdbc.connections.internal.DriverManagerConnectionProviderImpl$PooledConnections <init>
INFO: HHH10001115: Connection pool size: 20 (min=1)
mai. 14, 2025 12:21:55 PM org.hibernate.engine.jdbc.dialect.internal.DialectFactoryImpl constructDialect
WARN: HHH90000025: H2Dialect does not need to be specified explicitly using 'hibernate.dialect' (remove the property setting and it will be selected by default)
mai. 14, 2025 12:21:56 PM org.hibernate.engine.transaction.jta.platform.internal.JtaPlatformInitiator initiateService
INFO: HHH000489: No JTA platform available (set 'hibernate.transaction.jta.platform' to enable JTA platform integration)
mai. 14, 2025 12:21:56 PM org.hibernate.resource.transaction.backend.jdbc.internal.DdlTransactionIsolatorNonJtaImpl getIsolatedConnection
INFO: HHH10001501: Connection obtained from JdbcConnectionAccess [org.hibernate.engine.jdbc.env.internal.JdbcEnvironmentInitiator$ConnectionProviderJdbcConnectionAccess@6de7778f] for (non-JTA) DDL execution was not in auto-commit mode; the Connection 'local transaction' will be committed and the Connection will be set into auto-commit mode.
mai. 14, 2025 12:21:56 PM org.hibernate.resource.transaction.backend.jdbc.internal.DdlTransactionIsolatorNonJtaImpl getIsolatedConnection
INFO: HHH10001501: Connection obtained from JdbcConnectionAccess [org.hibernate.engine.jdbc.env.internal.JdbcEnvironmentInitiator$ConnectionProviderJdbcConnectionAccess@74f280bd] for (non-JTA) DDL execution was not in auto-commit mode; the Connection 'local transaction' will be committed and the Connection will be set into auto-commit mode.
mai. 14, 2025 12:21:56 PM org.hibernate.resource.transaction.backend.jdbc.internal.DdlTransactionIsolatorNonJtaImpl getIsolatedConnection
INFO: HHH10001501: Connection obtained from JdbcConnectionAccess [org.hibernate.engine.jdbc.env.internal.JdbcEnvironmentInitiator$ConnectionProviderJdbcConnectionAccess@25f0c5e7] for (non-JTA) DDL execution was not in auto-commit mode; the Connection 'local transaction' will be committed and the Connection will be set into auto-commit mode.
mai. 14, 2025 12:21:56 PM org.hibernate.engine.jdbc.connections.internal.DriverManagerConnectionProviderImpl$PoolState stop
INFO: HHH10001008: Cleaning up connection pool [jdbc:h2:mem:test]
]]></system-err>
  </testcase>
  <testcase name="testAtualizar" classname="com.example.dao.EmprestimoDAOTest" time="0.133">
    <system-out><![CDATA[Hibernate: 
    drop table if exists Aluno cascade 
Hibernate: 
    drop table if exists Emprestimo cascade 
Hibernate: 
    drop table if exists Publicacao cascade 
Hibernate: 
    create table Aluno (
        matriculaAluno integer generated by default as identity,
        nome varchar(255),
        primary key (matriculaAluno)
    )
Hibernate: 
    create table Emprestimo (
        aluno_id integer,
        dataDevolucao date,
        dataEmprestimo date,
        id integer generated by default as identity,
        publicacao_id integer,
        primary key (id)
    )
Hibernate: 
    create table Publicacao (
        ano integer not null,
        codigoPub integer generated by default as identity,
        autor varchar(255),
        tipo varchar(255),
        titulo varchar(255),
        primary key (codigoPub)
    )
Hibernate: 
    alter table if exists Emprestimo 
       add constraint FKj8wph1uj1a4t5mjej9huvo699 
       foreign key (aluno_id) 
       references Aluno
Hibernate: 
    alter table if exists Emprestimo 
       add constraint FKnr3t00yqgs84taswbkfuo48ld 
       foreign key (publicacao_id) 
       references Publicacao
Hibernate: 
    insert 
    into
        Aluno
        (nome, matriculaAluno) 
    values
        (?, default)
Hibernate: 
    insert 
    into
        Publicacao
        (ano, autor, tipo, titulo, codigoPub) 
    values
        (?, ?, ?, ?, default)
Hibernate: 
    insert 
    into
        Emprestimo
        (aluno_id, dataDevolucao, dataEmprestimo, publicacao_id, id) 
    values
        (?, ?, ?, ?, default)
Hibernate: 
    update
        Emprestimo 
    set
        aluno_id=?,
        dataDevolucao=?,
        dataEmprestimo=?,
        publicacao_id=? 
    where
        id=?
Hibernate: 
    drop table if exists Aluno cascade 
Hibernate: 
    drop table if exists Emprestimo cascade 
Hibernate: 
    drop table if exists Publicacao cascade 
]]></system-out>
    <system-err><![CDATA[mai. 14, 2025 12:21:56 PM org.hibernate.jpa.boot.internal.PersistenceXmlParser parsePersistenceXml
WARN: HHH015018: Encountered multiple persistence-unit stanzas defining same name [bibliotecaPU]; persistence-unit names must be unique
mai. 14, 2025 12:21:56 PM org.hibernate.jpa.internal.util.LogHelper logPersistenceUnitInformation
INFO: HHH000204: Processing PersistenceUnitInfo [name: bibliotecaPU]
mai. 14, 2025 12:21:56 PM org.hibernate.cache.internal.RegionFactoryInitiator initiateService
INFO: HHH000026: Second-level cache disabled
mai. 14, 2025 12:21:56 PM org.hibernate.engine.jdbc.connections.internal.DriverManagerConnectionProviderImpl configure
WARN: HHH10001002: Using built-in connection pool (not intended for production use)
mai. 14, 2025 12:21:56 PM org.hibernate.engine.jdbc.connections.internal.DriverManagerConnectionProviderImpl buildCreator
INFO: HHH10001005: Loaded JDBC driver class: org.h2.Driver
mai. 14, 2025 12:21:56 PM org.hibernate.engine.jdbc.connections.internal.DriverManagerConnectionProviderImpl buildCreator
INFO: HHH10001012: Connecting with JDBC URL [jdbc:h2:mem:test]
mai. 14, 2025 12:21:56 PM org.hibernate.engine.jdbc.connections.internal.DriverManagerConnectionProviderImpl buildCreator
INFO: HHH10001001: Connection properties: {password=****, user=sa}
mai. 14, 2025 12:21:56 PM org.hibernate.engine.jdbc.connections.internal.DriverManagerConnectionProviderImpl buildCreator
INFO: HHH10001003: Autocommit mode: false
mai. 14, 2025 12:21:56 PM org.hibernate.engine.jdbc.connections.internal.DriverManagerConnectionProviderImpl$PooledConnections <init>
INFO: HHH10001115: Connection pool size: 20 (min=1)
mai. 14, 2025 12:21:56 PM org.hibernate.engine.jdbc.dialect.internal.DialectFactoryImpl constructDialect
WARN: HHH90000025: H2Dialect does not need to be specified explicitly using 'hibernate.dialect' (remove the property setting and it will be selected by default)
mai. 14, 2025 12:21:56 PM org.hibernate.engine.transaction.jta.platform.internal.JtaPlatformInitiator initiateService
INFO: HHH000489: No JTA platform available (set 'hibernate.transaction.jta.platform' to enable JTA platform integration)
mai. 14, 2025 12:21:56 PM org.hibernate.resource.transaction.backend.jdbc.internal.DdlTransactionIsolatorNonJtaImpl getIsolatedConnection
INFO: HHH10001501: Connection obtained from JdbcConnectionAccess [org.hibernate.engine.jdbc.env.internal.JdbcEnvironmentInitiator$ConnectionProviderJdbcConnectionAccess@852ef8d] for (non-JTA) DDL execution was not in auto-commit mode; the Connection 'local transaction' will be committed and the Connection will be set into auto-commit mode.
mai. 14, 2025 12:21:56 PM org.hibernate.resource.transaction.backend.jdbc.internal.DdlTransactionIsolatorNonJtaImpl getIsolatedConnection
INFO: HHH10001501: Connection obtained from JdbcConnectionAccess [org.hibernate.engine.jdbc.env.internal.JdbcEnvironmentInitiator$ConnectionProviderJdbcConnectionAccess@44dd0d38] for (non-JTA) DDL execution was not in auto-commit mode; the Connection 'local transaction' will be committed and the Connection will be set into auto-commit mode.
mai. 14, 2025 12:21:56 PM org.hibernate.resource.transaction.backend.jdbc.internal.DdlTransactionIsolatorNonJtaImpl getIsolatedConnection
INFO: HHH10001501: Connection obtained from JdbcConnectionAccess [org.hibernate.engine.jdbc.env.internal.JdbcEnvironmentInitiator$ConnectionProviderJdbcConnectionAccess@7de35070] for (non-JTA) DDL execution was not in auto-commit mode; the Connection 'local transaction' will be committed and the Connection will be set into auto-commit mode.
mai. 14, 2025 12:21:56 PM org.hibernate.engine.jdbc.connections.internal.DriverManagerConnectionProviderImpl$PoolState stop
INFO: HHH10001008: Cleaning up connection pool [jdbc:h2:mem:test]
]]></system-err>
  </testcase>
  <testcase name="testDeletar" classname="com.example.dao.EmprestimoDAOTest" time="0.146">
    <system-out><![CDATA[Hibernate: 
    drop table if exists Aluno cascade 
Hibernate: 
    drop table if exists Emprestimo cascade 
Hibernate: 
    drop table if exists Publicacao cascade 
Hibernate: 
    create table Aluno (
        matriculaAluno integer generated by default as identity,
        nome varchar(255),
        primary key (matriculaAluno)
    )
Hibernate: 
    create table Emprestimo (
        aluno_id integer,
        dataDevolucao date,
        dataEmprestimo date,
        id integer generated by default as identity,
        publicacao_id integer,
        primary key (id)
    )
Hibernate: 
    create table Publicacao (
        ano integer not null,
        codigoPub integer generated by default as identity,
        autor varchar(255),
        tipo varchar(255),
        titulo varchar(255),
        primary key (codigoPub)
    )
Hibernate: 
    alter table if exists Emprestimo 
       add constraint FKj8wph1uj1a4t5mjej9huvo699 
       foreign key (aluno_id) 
       references Aluno
Hibernate: 
    alter table if exists Emprestimo 
       add constraint FKnr3t00yqgs84taswbkfuo48ld 
       foreign key (publicacao_id) 
       references Publicacao
Hibernate: 
    insert 
    into
        Aluno
        (nome, matriculaAluno) 
    values
        (?, default)
Hibernate: 
    insert 
    into
        Publicacao
        (ano, autor, tipo, titulo, codigoPub) 
    values
        (?, ?, ?, ?, default)
Hibernate: 
    insert 
    into
        Emprestimo
        (aluno_id, dataDevolucao, dataEmprestimo, publicacao_id, id) 
    values
        (?, ?, ?, ?, default)
Hibernate: 
    delete 
    from
        Emprestimo 
    where
        id=?
Hibernate: 
    select
        e1_0.id,
        a1_0.matriculaAluno,
        a1_0.nome,
        e1_0.dataDevolucao,
        e1_0.dataEmprestimo,
        p1_0.codigoPub,
        p1_0.ano,
        p1_0.autor,
        p1_0.tipo,
        p1_0.titulo 
    from
        Emprestimo e1_0 
    left join
        Aluno a1_0 
            on a1_0.matriculaAluno=e1_0.aluno_id 
    left join
        Publicacao p1_0 
            on p1_0.codigoPub=e1_0.publicacao_id 
    where
        e1_0.id=?
Hibernate: 
    drop table if exists Aluno cascade 
Hibernate: 
    drop table if exists Emprestimo cascade 
Hibernate: 
    drop table if exists Publicacao cascade 
]]></system-out>
    <system-err><![CDATA[mai. 14, 2025 12:21:56 PM org.hibernate.jpa.boot.internal.PersistenceXmlParser parsePersistenceXml
WARN: HHH015018: Encountered multiple persistence-unit stanzas defining same name [bibliotecaPU]; persistence-unit names must be unique
mai. 14, 2025 12:21:56 PM org.hibernate.jpa.internal.util.LogHelper logPersistenceUnitInformation
INFO: HHH000204: Processing PersistenceUnitInfo [name: bibliotecaPU]
mai. 14, 2025 12:21:56 PM org.hibernate.cache.internal.RegionFactoryInitiator initiateService
INFO: HHH000026: Second-level cache disabled
mai. 14, 2025 12:21:56 PM org.hibernate.engine.jdbc.connections.internal.DriverManagerConnectionProviderImpl configure
WARN: HHH10001002: Using built-in connection pool (not intended for production use)
mai. 14, 2025 12:21:56 PM org.hibernate.engine.jdbc.connections.internal.DriverManagerConnectionProviderImpl buildCreator
INFO: HHH10001005: Loaded JDBC driver class: org.h2.Driver
mai. 14, 2025 12:21:56 PM org.hibernate.engine.jdbc.connections.internal.DriverManagerConnectionProviderImpl buildCreator
INFO: HHH10001012: Connecting with JDBC URL [jdbc:h2:mem:test]
mai. 14, 2025 12:21:56 PM org.hibernate.engine.jdbc.connections.internal.DriverManagerConnectionProviderImpl buildCreator
INFO: HHH10001001: Connection properties: {password=****, user=sa}
mai. 14, 2025 12:21:56 PM org.hibernate.engine.jdbc.connections.internal.DriverManagerConnectionProviderImpl buildCreator
INFO: HHH10001003: Autocommit mode: false
mai. 14, 2025 12:21:56 PM org.hibernate.engine.jdbc.connections.internal.DriverManagerConnectionProviderImpl$PooledConnections <init>
INFO: HHH10001115: Connection pool size: 20 (min=1)
mai. 14, 2025 12:21:56 PM org.hibernate.engine.jdbc.dialect.internal.DialectFactoryImpl constructDialect
WARN: HHH90000025: H2Dialect does not need to be specified explicitly using 'hibernate.dialect' (remove the property setting and it will be selected by default)
mai. 14, 2025 12:21:56 PM org.hibernate.engine.transaction.jta.platform.internal.JtaPlatformInitiator initiateService
INFO: HHH000489: No JTA platform available (set 'hibernate.transaction.jta.platform' to enable JTA platform integration)
mai. 14, 2025 12:21:56 PM org.hibernate.resource.transaction.backend.jdbc.internal.DdlTransactionIsolatorNonJtaImpl getIsolatedConnection
INFO: HHH10001501: Connection obtained from JdbcConnectionAccess [org.hibernate.engine.jdbc.env.internal.JdbcEnvironmentInitiator$ConnectionProviderJdbcConnectionAccess@591be8aa] for (non-JTA) DDL execution was not in auto-commit mode; the Connection 'local transaction' will be committed and the Connection will be set into auto-commit mode.
mai. 14, 2025 12:21:56 PM org.hibernate.resource.transaction.backend.jdbc.internal.DdlTransactionIsolatorNonJtaImpl getIsolatedConnection
INFO: HHH10001501: Connection obtained from JdbcConnectionAccess [org.hibernate.engine.jdbc.env.internal.JdbcEnvironmentInitiator$ConnectionProviderJdbcConnectionAccess@61808ecd] for (non-JTA) DDL execution was not in auto-commit mode; the Connection 'local transaction' will be committed and the Connection will be set into auto-commit mode.
mai. 14, 2025 12:21:56 PM org.hibernate.resource.transaction.backend.jdbc.internal.DdlTransactionIsolatorNonJtaImpl getIsolatedConnection
INFO: HHH10001501: Connection obtained from JdbcConnectionAccess [org.hibernate.engine.jdbc.env.internal.JdbcEnvironmentInitiator$ConnectionProviderJdbcConnectionAccess@7493d937] for (non-JTA) DDL execution was not in auto-commit mode; the Connection 'local transaction' will be committed and the Connection will be set into auto-commit mode.
mai. 14, 2025 12:21:56 PM org.hibernate.engine.jdbc.connections.internal.DriverManagerConnectionProviderImpl$PoolState stop
INFO: HHH10001008: Cleaning up connection pool [jdbc:h2:mem:test]
]]></system-err>
  </testcase>
  <testcase name="testListarTodos" classname="com.example.dao.EmprestimoDAOTest" time="0.374">
    <system-out><![CDATA[Hibernate: 
    drop table if exists Aluno cascade 
Hibernate: 
    drop table if exists Emprestimo cascade 
Hibernate: 
    drop table if exists Publicacao cascade 
Hibernate: 
    create table Aluno (
        matriculaAluno integer generated by default as identity,
        nome varchar(255),
        primary key (matriculaAluno)
    )
Hibernate: 
    create table Emprestimo (
        aluno_id integer,
        dataDevolucao date,
        dataEmprestimo date,
        id integer generated by default as identity,
        publicacao_id integer,
        primary key (id)
    )
Hibernate: 
    create table Publicacao (
        ano integer not null,
        codigoPub integer generated by default as identity,
        autor varchar(255),
        tipo varchar(255),
        titulo varchar(255),
        primary key (codigoPub)
    )
Hibernate: 
    alter table if exists Emprestimo 
       add constraint FKj8wph1uj1a4t5mjej9huvo699 
       foreign key (aluno_id) 
       references Aluno
Hibernate: 
    alter table if exists Emprestimo 
       add constraint FKnr3t00yqgs84taswbkfuo48ld 
       foreign key (publicacao_id) 
       references Publicacao
Hibernate: 
    insert 
    into
        Aluno
        (nome, matriculaAluno) 
    values
        (?, default)
Hibernate: 
    insert 
    into
        Publicacao
        (ano, autor, tipo, titulo, codigoPub) 
    values
        (?, ?, ?, ?, default)
Hibernate: 
    insert 
    into
        Emprestimo
        (aluno_id, dataDevolucao, dataEmprestimo, publicacao_id, id) 
    values
        (?, ?, ?, ?, default)
Hibernate: 
    select
        e1_0.id,
        e1_0.aluno_id,
        e1_0.dataDevolucao,
        e1_0.dataEmprestimo,
        e1_0.publicacao_id 
    from
        Emprestimo e1_0
Hibernate: 
    drop table if exists Aluno cascade 
Hibernate: 
    drop table if exists Emprestimo cascade 
Hibernate: 
    drop table if exists Publicacao cascade 
]]></system-out>
    <system-err><![CDATA[mai. 14, 2025 12:21:56 PM org.hibernate.jpa.boot.internal.PersistenceXmlParser parsePersistenceXml
WARN: HHH015018: Encountered multiple persistence-unit stanzas defining same name [bibliotecaPU]; persistence-unit names must be unique
mai. 14, 2025 12:21:56 PM org.hibernate.jpa.internal.util.LogHelper logPersistenceUnitInformation
INFO: HHH000204: Processing PersistenceUnitInfo [name: bibliotecaPU]
mai. 14, 2025 12:21:56 PM org.hibernate.cache.internal.RegionFactoryInitiator initiateService
INFO: HHH000026: Second-level cache disabled
mai. 14, 2025 12:21:56 PM org.hibernate.engine.jdbc.connections.internal.DriverManagerConnectionProviderImpl configure
WARN: HHH10001002: Using built-in connection pool (not intended for production use)
mai. 14, 2025 12:21:56 PM org.hibernate.engine.jdbc.connections.internal.DriverManagerConnectionProviderImpl buildCreator
INFO: HHH10001005: Loaded JDBC driver class: org.h2.Driver
mai. 14, 2025 12:21:56 PM org.hibernate.engine.jdbc.connections.internal.DriverManagerConnectionProviderImpl buildCreator
INFO: HHH10001012: Connecting with JDBC URL [jdbc:h2:mem:test]
mai. 14, 2025 12:21:56 PM org.hibernate.engine.jdbc.connections.internal.DriverManagerConnectionProviderImpl buildCreator
INFO: HHH10001001: Connection properties: {password=****, user=sa}
mai. 14, 2025 12:21:56 PM org.hibernate.engine.jdbc.connections.internal.DriverManagerConnectionProviderImpl buildCreator
INFO: HHH10001003: Autocommit mode: false
mai. 14, 2025 12:21:56 PM org.hibernate.engine.jdbc.connections.internal.DriverManagerConnectionProviderImpl$PooledConnections <init>
INFO: HHH10001115: Connection pool size: 20 (min=1)
mai. 14, 2025 12:21:56 PM org.hibernate.engine.jdbc.dialect.internal.DialectFactoryImpl constructDialect
WARN: HHH90000025: H2Dialect does not need to be specified explicitly using 'hibernate.dialect' (remove the property setting and it will be selected by default)
mai. 14, 2025 12:21:56 PM org.hibernate.engine.transaction.jta.platform.internal.JtaPlatformInitiator initiateService
INFO: HHH000489: No JTA platform available (set 'hibernate.transaction.jta.platform' to enable JTA platform integration)
mai. 14, 2025 12:21:56 PM org.hibernate.resource.transaction.backend.jdbc.internal.DdlTransactionIsolatorNonJtaImpl getIsolatedConnection
INFO: HHH10001501: Connection obtained from JdbcConnectionAccess [org.hibernate.engine.jdbc.env.internal.JdbcEnvironmentInitiator$ConnectionProviderJdbcConnectionAccess@e795a1d] for (non-JTA) DDL execution was not in auto-commit mode; the Connection 'local transaction' will be committed and the Connection will be set into auto-commit mode.
mai. 14, 2025 12:21:56 PM org.hibernate.resource.transaction.backend.jdbc.internal.DdlTransactionIsolatorNonJtaImpl getIsolatedConnection
INFO: HHH10001501: Connection obtained from JdbcConnectionAccess [org.hibernate.engine.jdbc.env.internal.JdbcEnvironmentInitiator$ConnectionProviderJdbcConnectionAccess@38c10190] for (non-JTA) DDL execution was not in auto-commit mode; the Connection 'local transaction' will be committed and the Connection will be set into auto-commit mode.
mai. 14, 2025 12:21:57 PM org.hibernate.resource.transaction.backend.jdbc.internal.DdlTransactionIsolatorNonJtaImpl getIsolatedConnection
INFO: HHH10001501: Connection obtained from JdbcConnectionAccess [org.hibernate.engine.jdbc.env.internal.JdbcEnvironmentInitiator$ConnectionProviderJdbcConnectionAccess@5a205ee5] for (non-JTA) DDL execution was not in auto-commit mode; the Connection 'local transaction' will be committed and the Connection will be set into auto-commit mode.
mai. 14, 2025 12:21:57 PM org.hibernate.engine.jdbc.connections.internal.DriverManagerConnectionProviderImpl$PoolState stop
INFO: HHH10001008: Cleaning up connection pool [jdbc:h2:mem:test]
]]></system-err>
  </testcase>
</testsuite>